Arguments: 
  /Users/ccc/.nvm/versions/node/v14.15.0/bin/node /opt/homebrew/Cellar/yarn/1.22.19/libexec/bin/yarn.js watch

PATH: 
  /Users/ccc/.nvm/versions/node/v14.15.0/bin:/opt/homebrew/bin:/opt/homebrew/sbin:/usr/local/bin:/usr/bin:/bin:/usr/sbin:/sbin:/Library/Apple/usr/bin:/Users/ccc/.nvm/versions/node/v14.15.0/bin:/opt/homebrew/bin:/opt/homebrew/sbin:/Applications/Visual Studio Code.app/Contents/Resources/app/bin:/Applications/Visual Studio Code.app/Contents/Resources/app/bin

Yarn version: 
  1.22.19

Node version: 
  14.15.0

Platform: 
  darwin x64

Trace: 
  SyntaxError: /Users/ccc/projects/ckeditor-project/package.json: Unexpected string in JSON at position 2203
      at JSON.parse (<anonymous>)
      at /opt/homebrew/Cellar/yarn/1.22.19/libexec/lib/cli.js:1629:59
      at Generator.next (<anonymous>)
      at step (/opt/homebrew/Cellar/yarn/1.22.19/libexec/lib/cli.js:310:30)
      at /opt/homebrew/Cellar/yarn/1.22.19/libexec/lib/cli.js:321:13

npm manifest: 
  {
    "name": "ckeditor5-custom-build",
    "author": "CKSource",
    "description": "A custom CKEditor 5 build made by the CKEditor 5 online builder.",
    "version": "0.0.1",
    "license": "SEE LICENSE IN LICENSE.md",
    "private": true,
    "main": "./build/ckeditor.js",
    "devDependencies": {
      "@ckeditor/ckeditor5-adapter-ckfinder": "^35.0.1",
      "@ckeditor/ckeditor5-alignment": "^35.0.1",
      "@ckeditor/ckeditor5-autoformat": "^35.0.1",
      "@ckeditor/ckeditor5-basic-styles": "^35.0.1",
      "@ckeditor/ckeditor5-block-quote": "^35.0.1",
      "@ckeditor/ckeditor5-ckfinder": "^35.0.1",
      "@ckeditor/ckeditor5-cloud-services": "^35.0.1",
      "@ckeditor/ckeditor5-code-block": "^35.0.1",
      "@ckeditor/ckeditor5-dev-utils": "^30.4.0",
      "@ckeditor/ckeditor5-dev-webpack-plugin": "^30.4.0",
      "@ckeditor/ckeditor5-editor-classic": "^35.0.1",
      "@ckeditor/ckeditor5-essentials": "^35.0.1",
      "@ckeditor/ckeditor5-font": "^35.0.1",
      "@ckeditor/ckeditor5-heading": "^35.0.1",
      "@ckeditor/ckeditor5-highlight": "^35.0.1",
      "@ckeditor/ckeditor5-horizontal-line": "^35.0.1",
      "@ckeditor/ckeditor5-html-embed": "^35.0.1",
      "@ckeditor/ckeditor5-html-support": "^35.0.1",
      "@ckeditor/ckeditor5-image": "^35.0.1",
      "@ckeditor/ckeditor5-indent": "^35.0.1",
      "@ckeditor/ckeditor5-link": "^35.0.1",
      "@ckeditor/ckeditor5-list": "^35.0.1",
      "@ckeditor/ckeditor5-media-embed": "^35.0.1",
      "@ckeditor/ckeditor5-mention": "^35.0.1",
      "@ckeditor/ckeditor5-page-break": "^35.0.1",
      "@ckeditor/ckeditor5-paragraph": "^35.0.1",
      "@ckeditor/ckeditor5-paste-from-office": "^35.0.1",
      "@ckeditor/ckeditor5-remove-format": "^35.0.1",
      "@ckeditor/ckeditor5-special-characters": "^35.0.1",
      "@ckeditor/ckeditor5-table": "^35.0.1",
      "@ckeditor/ckeditor5-theme-lark": "^35.0.1",
      "@ckeditor/ckeditor5-typing": "^35.0.1",
      "css-loader": "^5.2.6",
      "postcss": "^8.3.0",
      "postcss-loader": "^4.3.0",
      "raw-loader": "^4.0.2",
      "style-loader": "^2.0.0",
      "terser-webpack-plugin": "^4.2.3",
      "webpack": "^4.46.0",
      "webpack-cli": "^4.7.2"
    },
    "scripts": {
      "build": "webpack --mode production",
      "watch": "webpack --mode production --watch""
    },
    "dependencies": {
      "@ckeditor/ckeditor5-widget": "^35.0.1"
    }
  }

yarn manifest: 
  No manifest

Lockfile: 
  No lockfile
